2015-12-21 19:50:22 [-][-][-][error][yii\db\Exception] exception 'PDOException' with message 'SQLSTATE[HY000] [1045] Access denied for user 'root'@'localhost' (using password: NO)' in /Users/work/domains/blablaflat.dev/vendor/yiisoft/yii2/db/Connection.php:579
Stack trace:
#0 /Users/work/domains/blablaflat.dev/vendor/yiisoft/yii2/db/Connection.php(579): PDO->__construct('mysql:host=loca...', 'root', '', NULL)
#1 /Users/work/domains/blablaflat.dev/vendor/yiisoft/yii2/db/Connection.php(529): yii\db\Connection->createPdoInstance()
#2 /Users/work/domains/blablaflat.dev/vendor/yiisoft/yii2/db/Connection.php(836): yii\db\Connection->open()
#3 /Users/work/domains/blablaflat.dev/vendor/yiisoft/yii2/db/Connection.php(823): yii\db\Connection->getMasterPdo()
#4 /Users/work/domains/blablaflat.dev/vendor/yiisoft/yii2/db/Command.php(216): yii\db\Connection->getSlavePdo()
#5 /Users/work/domains/blablaflat.dev/vendor/yiisoft/yii2/db/Command.php(831): yii\db\Command->prepare(true)
#6 /Users/work/domains/blablaflat.dev/vendor/yiisoft/yii2/db/Command.php(359): yii\db\Command->queryInternal('fetchAll', NULL)
#7 /Users/work/domains/blablaflat.dev/vendor/yiisoft/yii2/db/mysql/Schema.php(198): yii\db\Command->queryAll()
#8 /Users/work/domains/blablaflat.dev/vendor/yiisoft/yii2/db/mysql/Schema.php(97): yii\db\mysql\Schema->findColumns(Object(yii\db\TableSchema))
#9 /Users/work/domains/blablaflat.dev/vendor/yiisoft/yii2/db/Schema.php(146): yii\db\mysql\Schema->loadTableSchema('migration')
#10 /Users/work/domains/blablaflat.dev/vendor/yiisoft/yii2/console/controllers/MigrateController.php(121): yii\db\Schema->getTableSchema('{{%migration}}', true)
#11 /Users/work/domains/blablaflat.dev/vendor/yiisoft/yii2/console/controllers/BaseMigrateController.php(610): yii\console\controllers\MigrateController->getMigrationHistory(NULL)
#12 /Users/work/domains/blablaflat.dev/vendor/yiisoft/yii2/console/controllers/BaseMigrateController.php(102): yii\console\controllers\BaseMigrateController->getNewMigrations()
#13 [internal function]: yii\console\controllers\BaseMigrateController->actionUp(0)
#14 /Users/work/domains/blablaflat.dev/vendor/yiisoft/yii2/base/InlineAction.php(55): call_user_func_array(Array, Array)
#15 /Users/work/domains/blablaflat.dev/vendor/yiisoft/yii2/base/Controller.php(151): yii\base\InlineAction->runWithParams(Array)
#16 /Users/work/domains/blablaflat.dev/vendor/yiisoft/yii2/console/Controller.php(91): yii\base\Controller->runAction('', Array)
#17 /Users/work/domains/blablaflat.dev/vendor/yiisoft/yii2/base/Module.php(455): yii\console\Controller->runAction('', Array)
#18 /Users/work/domains/blablaflat.dev/vendor/yiisoft/yii2/console/Application.php(167): yii\base\Module->runAction('migrate', Array)
#19 /Users/work/domains/blablaflat.dev/vendor/yiisoft/yii2/console/Application.php(143): yii\console\Application->runAction('migrate', Array)
#20 /Users/work/domains/blablaflat.dev/vendor/yiisoft/yii2/base/Application.php(375): yii\console\Application->handleRequest(Object(yii\console\Request))
#21 /Users/work/domains/blablaflat.dev/yii(24): yii\base\Application->run()
#22 {main}

Next exception 'yii\db\Exception' with message 'SQLSTATE[HY000] [1045] Access denied for user 'root'@'localhost' (using password: NO)' in /Users/work/domains/blablaflat.dev/vendor/yiisoft/yii2/db/Connection.php:534
Stack trace:
#0 /Users/work/domains/blablaflat.dev/vendor/yiisoft/yii2/db/Connection.php(836): yii\db\Connection->open()
#1 /Users/work/domains/blablaflat.dev/vendor/yiisoft/yii2/db/Connection.php(823): yii\db\Connection->getMasterPdo()
#2 /Users/work/domains/blablaflat.dev/vendor/yiisoft/yii2/db/Command.php(216): yii\db\Connection->getSlavePdo()
#3 /Users/work/domains/blablaflat.dev/vendor/yiisoft/yii2/db/Command.php(831): yii\db\Command->prepare(true)
#4 /Users/work/domains/blablaflat.dev/vendor/yiisoft/yii2/db/Command.php(359): yii\db\Command->queryInternal('fetchAll', NULL)
#5 /Users/work/domains/blablaflat.dev/vendor/yiisoft/yii2/db/mysql/Schema.php(198): yii\db\Command->queryAll()
#6 /Users/work/domains/blablaflat.dev/vendor/yiisoft/yii2/db/mysql/Schema.php(97): yii\db\mysql\Schema->findColumns(Object(yii\db\TableSchema))
#7 /Users/work/domains/blablaflat.dev/vendor/yiisoft/yii2/db/Schema.php(146): yii\db\mysql\Schema->loadTableSchema('migration')
#8 /Users/work/domains/blablaflat.dev/vendor/yiisoft/yii2/console/controllers/MigrateController.php(121): yii\db\Schema->getTableSchema('{{%migration}}', true)
#9 /Users/work/domains/blablaflat.dev/vendor/yiisoft/yii2/console/controllers/BaseMigrateController.php(610): yii\console\controllers\MigrateController->getMigrationHistory(NULL)
#10 /Users/work/domains/blablaflat.dev/vendor/yiisoft/yii2/console/controllers/BaseMigrateController.php(102): yii\console\controllers\BaseMigrateController->getNewMigrations()
#11 [internal function]: yii\console\controllers\BaseMigrateController->actionUp(0)
#12 /Users/work/domains/blablaflat.dev/vendor/yiisoft/yii2/base/InlineAction.php(55): call_user_func_array(Array, Array)
#13 /Users/work/domains/blablaflat.dev/vendor/yiisoft/yii2/base/Controller.php(151): yii\base\InlineAction->runWithParams(Array)
#14 /Users/work/domains/blablaflat.dev/vendor/yiisoft/yii2/console/Controller.php(91): yii\base\Controller->runAction('', Array)
#15 /Users/work/domains/blablaflat.dev/vendor/yiisoft/yii2/base/Module.php(455): yii\console\Controller->runAction('', Array)
#16 /Users/work/domains/blablaflat.dev/vendor/yiisoft/yii2/console/Application.php(167): yii\base\Module->runAction('migrate', Array)
#17 /Users/work/domains/blablaflat.dev/vendor/yiisoft/yii2/console/Application.php(143): yii\console\Application->runAction('migrate', Array)
#18 /Users/work/domains/blablaflat.dev/vendor/yiisoft/yii2/base/Application.php(375): yii\console\Application->handleRequest(Object(yii\console\Request))
#19 /Users/work/domains/blablaflat.dev/yii(24): yii\base\Application->run()
#20 {main}
Additional Information:

2015-12-21 19:50:22 [-][-][-][info][application] $_SERVER = [
    'TERM_PROGRAM' => 'iTerm.app'
    'TERM' => 'xterm-256color'
    'SHELL' => '/bin/bash'
    'TMPDIR' => '/var/folders/s6/scpmdjjs223d5q__747h26zc0000gn/T/'
    'Apple_PubSub_Socket_Render' => '/private/tmp/com.apple.launchd.Eq1i0bR3Zd/Render'
    'OLDPWD' => '/Users/work/domains'
    'USER' => 'work'
    'COMMAND_MODE' => 'unix2003'
    'SSH_AUTH_SOCK' => '/private/tmp/com.apple.launchd.MgXTGNCHtE/Listeners'
    '__CF_USER_TEXT_ENCODING' => '0x1F5:0x7:0x31'
    'PATH' => '/usr/bin:/bin:/usr/sbin:/sbin:/usr/local/bin'
    'PWD' => '/Users/work/domains/blablaflat.dev'
    'ITERM_PROFILE' => 'Default'
    'XPC_FLAGS' => '0x0'
    'XPC_SERVICE_NAME' => '0'
    'SHLVL' => '1'
    'HOME' => '/Users/work'
    'COLORFGBG' => '7;0'
    'ITERM_SESSION_ID' => 'w0t0p0'
    'LOGNAME' => 'work'
    'LC_CTYPE' => 'UTF-8'
    'SECURITYSESSIONID' => '18726'
    '_' => '/Applications/MAMP/bin/php/php5.6.10/bin/php'
    'PHP_SELF' => 'yii'
    'SCRIPT_NAME' => 'yii'
    'SCRIPT_FILENAME' => 'yii'
    'PATH_TRANSLATED' => 'yii'
    'DOCUMENT_ROOT' => ''
    'REQUEST_TIME_FLOAT' => 1450723822.74
    'REQUEST_TIME' => 1450723822
    'argv' => [
        0 => 'yii'
        1 => 'migrate'
    ]
    'argc' => 2
]
2015-12-21 20:10:11 [-][-][-][error][yii\db\Exception] exception 'PDOException' with message 'SQLSTATE[HY000] [1045] Access denied for user 'root'@'localhost' (using password: NO)' in /Users/work/domains/blablaflat.dev/vendor/yiisoft/yii2/db/Connection.php:579
Stack trace:
#0 /Users/work/domains/blablaflat.dev/vendor/yiisoft/yii2/db/Connection.php(579): PDO->__construct('mysql:host=loca...', 'root', '', NULL)
#1 /Users/work/domains/blablaflat.dev/vendor/yiisoft/yii2/db/Connection.php(529): yii\db\Connection->createPdoInstance()
#2 /Users/work/domains/blablaflat.dev/vendor/yiisoft/yii2/db/Connection.php(836): yii\db\Connection->open()
#3 /Users/work/domains/blablaflat.dev/vendor/yiisoft/yii2/db/Connection.php(823): yii\db\Connection->getMasterPdo()
#4 /Users/work/domains/blablaflat.dev/vendor/yiisoft/yii2/db/Command.php(216): yii\db\Connection->getSlavePdo()
#5 /Users/work/domains/blablaflat.dev/vendor/yiisoft/yii2/db/Command.php(831): yii\db\Command->prepare(true)
#6 /Users/work/domains/blablaflat.dev/vendor/yiisoft/yii2/db/Command.php(359): yii\db\Command->queryInternal('fetchAll', NULL)
#7 /Users/work/domains/blablaflat.dev/vendor/yiisoft/yii2/db/mysql/Schema.php(198): yii\db\Command->queryAll()
#8 /Users/work/domains/blablaflat.dev/vendor/yiisoft/yii2/db/mysql/Schema.php(97): yii\db\mysql\Schema->findColumns(Object(yii\db\TableSchema))
#9 /Users/work/domains/blablaflat.dev/vendor/yiisoft/yii2/db/Schema.php(146): yii\db\mysql\Schema->loadTableSchema('migration')
#10 /Users/work/domains/blablaflat.dev/vendor/yiisoft/yii2/console/controllers/MigrateController.php(121): yii\db\Schema->getTableSchema('{{%migration}}', true)
#11 /Users/work/domains/blablaflat.dev/vendor/yiisoft/yii2/console/controllers/BaseMigrateController.php(610): yii\console\controllers\MigrateController->getMigrationHistory(NULL)
#12 /Users/work/domains/blablaflat.dev/vendor/yiisoft/yii2/console/controllers/BaseMigrateController.php(102): yii\console\controllers\BaseMigrateController->getNewMigrations()
#13 [internal function]: yii\console\controllers\BaseMigrateController->actionUp(0)
#14 /Users/work/domains/blablaflat.dev/vendor/yiisoft/yii2/base/InlineAction.php(55): call_user_func_array(Array, Array)
#15 /Users/work/domains/blablaflat.dev/vendor/yiisoft/yii2/base/Controller.php(151): yii\base\InlineAction->runWithParams(Array)
#16 /Users/work/domains/blablaflat.dev/vendor/yiisoft/yii2/console/Controller.php(91): yii\base\Controller->runAction('', Array)
#17 /Users/work/domains/blablaflat.dev/vendor/yiisoft/yii2/base/Module.php(455): yii\console\Controller->runAction('', Array)
#18 /Users/work/domains/blablaflat.dev/vendor/yiisoft/yii2/console/Application.php(167): yii\base\Module->runAction('migrate', Array)
#19 /Users/work/domains/blablaflat.dev/vendor/yiisoft/yii2/console/Application.php(143): yii\console\Application->runAction('migrate', Array)
#20 /Users/work/domains/blablaflat.dev/vendor/yiisoft/yii2/base/Application.php(375): yii\console\Application->handleRequest(Object(yii\console\Request))
#21 /Users/work/domains/blablaflat.dev/yii(24): yii\base\Application->run()
#22 {main}

Next exception 'yii\db\Exception' with message 'SQLSTATE[HY000] [1045] Access denied for user 'root'@'localhost' (using password: NO)' in /Users/work/domains/blablaflat.dev/vendor/yiisoft/yii2/db/Connection.php:534
Stack trace:
#0 /Users/work/domains/blablaflat.dev/vendor/yiisoft/yii2/db/Connection.php(836): yii\db\Connection->open()
#1 /Users/work/domains/blablaflat.dev/vendor/yiisoft/yii2/db/Connection.php(823): yii\db\Connection->getMasterPdo()
#2 /Users/work/domains/blablaflat.dev/vendor/yiisoft/yii2/db/Command.php(216): yii\db\Connection->getSlavePdo()
#3 /Users/work/domains/blablaflat.dev/vendor/yiisoft/yii2/db/Command.php(831): yii\db\Command->prepare(true)
#4 /Users/work/domains/blablaflat.dev/vendor/yiisoft/yii2/db/Command.php(359): yii\db\Command->queryInternal('fetchAll', NULL)
#5 /Users/work/domains/blablaflat.dev/vendor/yiisoft/yii2/db/mysql/Schema.php(198): yii\db\Command->queryAll()
#6 /Users/work/domains/blablaflat.dev/vendor/yiisoft/yii2/db/mysql/Schema.php(97): yii\db\mysql\Schema->findColumns(Object(yii\db\TableSchema))
#7 /Users/work/domains/blablaflat.dev/vendor/yiisoft/yii2/db/Schema.php(146): yii\db\mysql\Schema->loadTableSchema('migration')
#8 /Users/work/domains/blablaflat.dev/vendor/yiisoft/yii2/console/controllers/MigrateController.php(121): yii\db\Schema->getTableSchema('{{%migration}}', true)
#9 /Users/work/domains/blablaflat.dev/vendor/yiisoft/yii2/console/controllers/BaseMigrateController.php(610): yii\console\controllers\MigrateController->getMigrationHistory(NULL)
#10 /Users/work/domains/blablaflat.dev/vendor/yiisoft/yii2/console/controllers/BaseMigrateController.php(102): yii\console\controllers\BaseMigrateController->getNewMigrations()
#11 [internal function]: yii\console\controllers\BaseMigrateController->actionUp(0)
#12 /Users/work/domains/blablaflat.dev/vendor/yiisoft/yii2/base/InlineAction.php(55): call_user_func_array(Array, Array)
#13 /Users/work/domains/blablaflat.dev/vendor/yiisoft/yii2/base/Controller.php(151): yii\base\InlineAction->runWithParams(Array)
#14 /Users/work/domains/blablaflat.dev/vendor/yiisoft/yii2/console/Controller.php(91): yii\base\Controller->runAction('', Array)
#15 /Users/work/domains/blablaflat.dev/vendor/yiisoft/yii2/base/Module.php(455): yii\console\Controller->runAction('', Array)
#16 /Users/work/domains/blablaflat.dev/vendor/yiisoft/yii2/console/Application.php(167): yii\base\Module->runAction('migrate', Array)
#17 /Users/work/domains/blablaflat.dev/vendor/yiisoft/yii2/console/Application.php(143): yii\console\Application->runAction('migrate', Array)
#18 /Users/work/domains/blablaflat.dev/vendor/yiisoft/yii2/base/Application.php(375): yii\console\Application->handleRequest(Object(yii\console\Request))
#19 /Users/work/domains/blablaflat.dev/yii(24): yii\base\Application->run()
#20 {main}
Additional Information:

2015-12-21 20:10:11 [-][-][-][info][application] $_SERVER = [
    'TERM_PROGRAM' => 'iTerm.app'
    'TERM' => 'xterm-256color'
    'SHELL' => '/bin/bash'
    'TMPDIR' => '/var/folders/s6/scpmdjjs223d5q__747h26zc0000gn/T/'
    'Apple_PubSub_Socket_Render' => '/private/tmp/com.apple.launchd.Eq1i0bR3Zd/Render'
    'OLDPWD' => '/Users/work/domains'
    'USER' => 'work'
    'COMMAND_MODE' => 'unix2003'
    'SSH_AUTH_SOCK' => '/private/tmp/com.apple.launchd.MgXTGNCHtE/Listeners'
    '__CF_USER_TEXT_ENCODING' => '0x1F5:0x7:0x31'
    'PATH' => '/usr/bin:/bin:/usr/sbin:/sbin:/usr/local/bin'
    'PWD' => '/Users/work/domains/blablaflat.dev'
    'ITERM_PROFILE' => 'Default'
    'XPC_FLAGS' => '0x0'
    'XPC_SERVICE_NAME' => '0'
    'SHLVL' => '1'
    'HOME' => '/Users/work'
    'COLORFGBG' => '7;0'
    'ITERM_SESSION_ID' => 'w0t0p0'
    'LOGNAME' => 'work'
    'LC_CTYPE' => 'UTF-8'
    'SECURITYSESSIONID' => '18726'
    '_' => '/Applications/MAMP/bin/php/php5.6.10/bin/php'
    'PHP_SELF' => 'yii'
    'SCRIPT_NAME' => 'yii'
    'SCRIPT_FILENAME' => 'yii'
    'PATH_TRANSLATED' => 'yii'
    'DOCUMENT_ROOT' => ''
    'REQUEST_TIME_FLOAT' => 1450725011.94
    'REQUEST_TIME' => 1450725011
    'argv' => [
        0 => 'yii'
        1 => 'migrate'
    ]
    'argc' => 2
]
2015-12-21 20:10:16 [-][-][-][error][yii\db\Exception] exception 'PDOException' with message 'SQLSTATE[HY000] [1045] Access denied for user 'root'@'localhost' (using password: NO)' in /Users/work/domains/blablaflat.dev/vendor/yiisoft/yii2/db/Connection.php:579
Stack trace:
#0 /Users/work/domains/blablaflat.dev/vendor/yiisoft/yii2/db/Connection.php(579): PDO->__construct('mysql:host=loca...', 'root', '', NULL)
#1 /Users/work/domains/blablaflat.dev/vendor/yiisoft/yii2/db/Connection.php(529): yii\db\Connection->createPdoInstance()
#2 /Users/work/domains/blablaflat.dev/vendor/yiisoft/yii2/db/Connection.php(836): yii\db\Connection->open()
#3 /Users/work/domains/blablaflat.dev/vendor/yiisoft/yii2/db/Connection.php(823): yii\db\Connection->getMasterPdo()
#4 /Users/work/domains/blablaflat.dev/vendor/yiisoft/yii2/db/Command.php(216): yii\db\Connection->getSlavePdo()
#5 /Users/work/domains/blablaflat.dev/vendor/yiisoft/yii2/db/Command.php(831): yii\db\Command->prepare(true)
#6 /Users/work/domains/blablaflat.dev/vendor/yiisoft/yii2/db/Command.php(359): yii\db\Command->queryInternal('fetchAll', NULL)
#7 /Users/work/domains/blablaflat.dev/vendor/yiisoft/yii2/db/mysql/Schema.php(198): yii\db\Command->queryAll()
#8 /Users/work/domains/blablaflat.dev/vendor/yiisoft/yii2/db/mysql/Schema.php(97): yii\db\mysql\Schema->findColumns(Object(yii\db\TableSchema))
#9 /Users/work/domains/blablaflat.dev/vendor/yiisoft/yii2/db/Schema.php(146): yii\db\mysql\Schema->loadTableSchema('migration')
#10 /Users/work/domains/blablaflat.dev/vendor/yiisoft/yii2/console/controllers/MigrateController.php(121): yii\db\Schema->getTableSchema('{{%migration}}', true)
#11 /Users/work/domains/blablaflat.dev/vendor/yiisoft/yii2/console/controllers/BaseMigrateController.php(610): yii\console\controllers\MigrateController->getMigrationHistory(NULL)
#12 /Users/work/domains/blablaflat.dev/vendor/yiisoft/yii2/console/controllers/BaseMigrateController.php(102): yii\console\controllers\BaseMigrateController->getNewMigrations()
#13 [internal function]: yii\console\controllers\BaseMigrateController->actionUp(0)
#14 /Users/work/domains/blablaflat.dev/vendor/yiisoft/yii2/base/InlineAction.php(55): call_user_func_array(Array, Array)
#15 /Users/work/domains/blablaflat.dev/vendor/yiisoft/yii2/base/Controller.php(151): yii\base\InlineAction->runWithParams(Array)
#16 /Users/work/domains/blablaflat.dev/vendor/yiisoft/yii2/console/Controller.php(91): yii\base\Controller->runAction('', Array)
#17 /Users/work/domains/blablaflat.dev/vendor/yiisoft/yii2/base/Module.php(455): yii\console\Controller->runAction('', Array)
#18 /Users/work/domains/blablaflat.dev/vendor/yiisoft/yii2/console/Application.php(167): yii\base\Module->runAction('migrate', Array)
#19 /Users/work/domains/blablaflat.dev/vendor/yiisoft/yii2/console/Application.php(143): yii\console\Application->runAction('migrate', Array)
#20 /Users/work/domains/blablaflat.dev/vendor/yiisoft/yii2/base/Application.php(375): yii\console\Application->handleRequest(Object(yii\console\Request))
#21 /Users/work/domains/blablaflat.dev/yii(24): yii\base\Application->run()
#22 {main}

Next exception 'yii\db\Exception' with message 'SQLSTATE[HY000] [1045] Access denied for user 'root'@'localhost' (using password: NO)' in /Users/work/domains/blablaflat.dev/vendor/yiisoft/yii2/db/Connection.php:534
Stack trace:
#0 /Users/work/domains/blablaflat.dev/vendor/yiisoft/yii2/db/Connection.php(836): yii\db\Connection->open()
#1 /Users/work/domains/blablaflat.dev/vendor/yiisoft/yii2/db/Connection.php(823): yii\db\Connection->getMasterPdo()
#2 /Users/work/domains/blablaflat.dev/vendor/yiisoft/yii2/db/Command.php(216): yii\db\Connection->getSlavePdo()
#3 /Users/work/domains/blablaflat.dev/vendor/yiisoft/yii2/db/Command.php(831): yii\db\Command->prepare(true)
#4 /Users/work/domains/blablaflat.dev/vendor/yiisoft/yii2/db/Command.php(359): yii\db\Command->queryInternal('fetchAll', NULL)
#5 /Users/work/domains/blablaflat.dev/vendor/yiisoft/yii2/db/mysql/Schema.php(198): yii\db\Command->queryAll()
#6 /Users/work/domains/blablaflat.dev/vendor/yiisoft/yii2/db/mysql/Schema.php(97): yii\db\mysql\Schema->findColumns(Object(yii\db\TableSchema))
#7 /Users/work/domains/blablaflat.dev/vendor/yiisoft/yii2/db/Schema.php(146): yii\db\mysql\Schema->loadTableSchema('migration')
#8 /Users/work/domains/blablaflat.dev/vendor/yiisoft/yii2/console/controllers/MigrateController.php(121): yii\db\Schema->getTableSchema('{{%migration}}', true)
#9 /Users/work/domains/blablaflat.dev/vendor/yiisoft/yii2/console/controllers/BaseMigrateController.php(610): yii\console\controllers\MigrateController->getMigrationHistory(NULL)
#10 /Users/work/domains/blablaflat.dev/vendor/yiisoft/yii2/console/controllers/BaseMigrateController.php(102): yii\console\controllers\BaseMigrateController->getNewMigrations()
#11 [internal function]: yii\console\controllers\BaseMigrateController->actionUp(0)
#12 /Users/work/domains/blablaflat.dev/vendor/yiisoft/yii2/base/InlineAction.php(55): call_user_func_array(Array, Array)
#13 /Users/work/domains/blablaflat.dev/vendor/yiisoft/yii2/base/Controller.php(151): yii\base\InlineAction->runWithParams(Array)
#14 /Users/work/domains/blablaflat.dev/vendor/yiisoft/yii2/console/Controller.php(91): yii\base\Controller->runAction('', Array)
#15 /Users/work/domains/blablaflat.dev/vendor/yiisoft/yii2/base/Module.php(455): yii\console\Controller->runAction('', Array)
#16 /Users/work/domains/blablaflat.dev/vendor/yiisoft/yii2/console/Application.php(167): yii\base\Module->runAction('migrate', Array)
#17 /Users/work/domains/blablaflat.dev/vendor/yiisoft/yii2/console/Application.php(143): yii\console\Application->runAction('migrate', Array)
#18 /Users/work/domains/blablaflat.dev/vendor/yiisoft/yii2/base/Application.php(375): yii\console\Application->handleRequest(Object(yii\console\Request))
#19 /Users/work/domains/blablaflat.dev/yii(24): yii\base\Application->run()
#20 {main}
Additional Information:

2015-12-21 20:10:16 [-][-][-][info][application] $_SERVER = [
    'TERM_PROGRAM' => 'iTerm.app'
    'TERM' => 'xterm-256color'
    'SHELL' => '/bin/bash'
    'TMPDIR' => '/var/folders/s6/scpmdjjs223d5q__747h26zc0000gn/T/'
    'Apple_PubSub_Socket_Render' => '/private/tmp/com.apple.launchd.Eq1i0bR3Zd/Render'
    'OLDPWD' => '/Users/work/domains'
    'USER' => 'work'
    'COMMAND_MODE' => 'unix2003'
    'SSH_AUTH_SOCK' => '/private/tmp/com.apple.launchd.MgXTGNCHtE/Listeners'
    '__CF_USER_TEXT_ENCODING' => '0x1F5:0x7:0x31'
    'PATH' => '/usr/bin:/bin:/usr/sbin:/sbin:/usr/local/bin'
    'PWD' => '/Users/work/domains/blablaflat.dev'
    'ITERM_PROFILE' => 'Default'
    'XPC_FLAGS' => '0x0'
    'XPC_SERVICE_NAME' => '0'
    'SHLVL' => '1'
    'HOME' => '/Users/work'
    'COLORFGBG' => '7;0'
    'ITERM_SESSION_ID' => 'w0t0p0'
    'LOGNAME' => 'work'
    'LC_CTYPE' => 'UTF-8'
    'SECURITYSESSIONID' => '18726'
    '_' => '/Applications/MAMP/bin/php/php5.6.10/bin/php'
    'PHP_SELF' => 'yii'
    'SCRIPT_NAME' => 'yii'
    'SCRIPT_FILENAME' => 'yii'
    'PATH_TRANSLATED' => 'yii'
    'DOCUMENT_ROOT' => ''
    'REQUEST_TIME_FLOAT' => 1450725016.15
    'REQUEST_TIME' => 1450725016
    'argv' => [
        0 => 'yii'
        1 => 'migrate'
    ]
    'argc' => 2
]
2015-12-21 20:10:22 [-][-][-][error][yii\db\Exception] exception 'PDOException' with message 'SQLSTATE[HY000] [1045] Access denied for user 'root'@'localhost' (using password: NO)' in /Users/work/domains/blablaflat.dev/vendor/yiisoft/yii2/db/Connection.php:579
Stack trace:
#0 /Users/work/domains/blablaflat.dev/vendor/yiisoft/yii2/db/Connection.php(579): PDO->__construct('mysql:host=loca...', 'root', '', NULL)
#1 /Users/work/domains/blablaflat.dev/vendor/yiisoft/yii2/db/Connection.php(529): yii\db\Connection->createPdoInstance()
#2 /Users/work/domains/blablaflat.dev/vendor/yiisoft/yii2/db/Connection.php(836): yii\db\Connection->open()
#3 /Users/work/domains/blablaflat.dev/vendor/yiisoft/yii2/db/Connection.php(823): yii\db\Connection->getMasterPdo()
#4 /Users/work/domains/blablaflat.dev/vendor/yiisoft/yii2/db/Command.php(216): yii\db\Connection->getSlavePdo()
#5 /Users/work/domains/blablaflat.dev/vendor/yiisoft/yii2/db/Command.php(831): yii\db\Command->prepare(true)
#6 /Users/work/domains/blablaflat.dev/vendor/yiisoft/yii2/db/Command.php(359): yii\db\Command->queryInternal('fetchAll', NULL)
#7 /Users/work/domains/blablaflat.dev/vendor/yiisoft/yii2/db/mysql/Schema.php(198): yii\db\Command->queryAll()
#8 /Users/work/domains/blablaflat.dev/vendor/yiisoft/yii2/db/mysql/Schema.php(97): yii\db\mysql\Schema->findColumns(Object(yii\db\TableSchema))
#9 /Users/work/domains/blablaflat.dev/vendor/yiisoft/yii2/db/Schema.php(146): yii\db\mysql\Schema->loadTableSchema('migration')
#10 /Users/work/domains/blablaflat.dev/vendor/yiisoft/yii2/console/controllers/MigrateController.php(121): yii\db\Schema->getTableSchema('{{%migration}}', true)
#11 /Users/work/domains/blablaflat.dev/vendor/yiisoft/yii2/console/controllers/BaseMigrateController.php(610): yii\console\controllers\MigrateController->getMigrationHistory(NULL)
#12 /Users/work/domains/blablaflat.dev/vendor/yiisoft/yii2/console/controllers/BaseMigrateController.php(102): yii\console\controllers\BaseMigrateController->getNewMigrations()
#13 [internal function]: yii\console\controllers\BaseMigrateController->actionUp(0)
#14 /Users/work/domains/blablaflat.dev/vendor/yiisoft/yii2/base/InlineAction.php(55): call_user_func_array(Array, Array)
#15 /Users/work/domains/blablaflat.dev/vendor/yiisoft/yii2/base/Controller.php(151): yii\base\InlineAction->runWithParams(Array)
#16 /Users/work/domains/blablaflat.dev/vendor/yiisoft/yii2/console/Controller.php(91): yii\base\Controller->runAction('', Array)
#17 /Users/work/domains/blablaflat.dev/vendor/yiisoft/yii2/base/Module.php(455): yii\console\Controller->runAction('', Array)
#18 /Users/work/domains/blablaflat.dev/vendor/yiisoft/yii2/console/Application.php(167): yii\base\Module->runAction('migrate', Array)
#19 /Users/work/domains/blablaflat.dev/vendor/yiisoft/yii2/console/Application.php(143): yii\console\Application->runAction('migrate', Array)
#20 /Users/work/domains/blablaflat.dev/vendor/yiisoft/yii2/base/Application.php(375): yii\console\Application->handleRequest(Object(yii\console\Request))
#21 /Users/work/domains/blablaflat.dev/yii(24): yii\base\Application->run()
#22 {main}

Next exception 'yii\db\Exception' with message 'SQLSTATE[HY000] [1045] Access denied for user 'root'@'localhost' (using password: NO)' in /Users/work/domains/blablaflat.dev/vendor/yiisoft/yii2/db/Connection.php:534
Stack trace:
#0 /Users/work/domains/blablaflat.dev/vendor/yiisoft/yii2/db/Connection.php(836): yii\db\Connection->open()
#1 /Users/work/domains/blablaflat.dev/vendor/yiisoft/yii2/db/Connection.php(823): yii\db\Connection->getMasterPdo()
#2 /Users/work/domains/blablaflat.dev/vendor/yiisoft/yii2/db/Command.php(216): yii\db\Connection->getSlavePdo()
#3 /Users/work/domains/blablaflat.dev/vendor/yiisoft/yii2/db/Command.php(831): yii\db\Command->prepare(true)
#4 /Users/work/domains/blablaflat.dev/vendor/yiisoft/yii2/db/Command.php(359): yii\db\Command->queryInternal('fetchAll', NULL)
#5 /Users/work/domains/blablaflat.dev/vendor/yiisoft/yii2/db/mysql/Schema.php(198): yii\db\Command->queryAll()
#6 /Users/work/domains/blablaflat.dev/vendor/yiisoft/yii2/db/mysql/Schema.php(97): yii\db\mysql\Schema->findColumns(Object(yii\db\TableSchema))
#7 /Users/work/domains/blablaflat.dev/vendor/yiisoft/yii2/db/Schema.php(146): yii\db\mysql\Schema->loadTableSchema('migration')
#8 /Users/work/domains/blablaflat.dev/vendor/yiisoft/yii2/console/controllers/MigrateController.php(121): yii\db\Schema->getTableSchema('{{%migration}}', true)
#9 /Users/work/domains/blablaflat.dev/vendor/yiisoft/yii2/console/controllers/BaseMigrateController.php(610): yii\console\controllers\MigrateController->getMigrationHistory(NULL)
#10 /Users/work/domains/blablaflat.dev/vendor/yiisoft/yii2/console/controllers/BaseMigrateController.php(102): yii\console\controllers\BaseMigrateController->getNewMigrations()
#11 [internal function]: yii\console\controllers\BaseMigrateController->actionUp(0)
#12 /Users/work/domains/blablaflat.dev/vendor/yiisoft/yii2/base/InlineAction.php(55): call_user_func_array(Array, Array)
#13 /Users/work/domains/blablaflat.dev/vendor/yiisoft/yii2/base/Controller.php(151): yii\base\InlineAction->runWithParams(Array)
#14 /Users/work/domains/blablaflat.dev/vendor/yiisoft/yii2/console/Controller.php(91): yii\base\Controller->runAction('', Array)
#15 /Users/work/domains/blablaflat.dev/vendor/yiisoft/yii2/base/Module.php(455): yii\console\Controller->runAction('', Array)
#16 /Users/work/domains/blablaflat.dev/vendor/yiisoft/yii2/console/Application.php(167): yii\base\Module->runAction('migrate', Array)
#17 /Users/work/domains/blablaflat.dev/vendor/yiisoft/yii2/console/Application.php(143): yii\console\Application->runAction('migrate', Array)
#18 /Users/work/domains/blablaflat.dev/vendor/yiisoft/yii2/base/Application.php(375): yii\console\Application->handleRequest(Object(yii\console\Request))
#19 /Users/work/domains/blablaflat.dev/yii(24): yii\base\Application->run()
#20 {main}
Additional Information:

2015-12-21 20:10:22 [-][-][-][info][application] $_SERVER = [
    'TERM_PROGRAM' => 'iTerm.app'
    'TERM' => 'xterm-256color'
    'SHELL' => '/bin/bash'
    'TMPDIR' => '/var/folders/s6/scpmdjjs223d5q__747h26zc0000gn/T/'
    'Apple_PubSub_Socket_Render' => '/private/tmp/com.apple.launchd.Eq1i0bR3Zd/Render'
    'OLDPWD' => '/Users/work/domains'
    'USER' => 'work'
    'COMMAND_MODE' => 'unix2003'
    'SSH_AUTH_SOCK' => '/private/tmp/com.apple.launchd.MgXTGNCHtE/Listeners'
    '__CF_USER_TEXT_ENCODING' => '0x1F5:0x7:0x31'
    'PATH' => '/usr/bin:/bin:/usr/sbin:/sbin:/usr/local/bin'
    'PWD' => '/Users/work/domains/blablaflat.dev'
    'ITERM_PROFILE' => 'Default'
    'XPC_FLAGS' => '0x0'
    'XPC_SERVICE_NAME' => '0'
    'SHLVL' => '1'
    'HOME' => '/Users/work'
    'COLORFGBG' => '7;0'
    'ITERM_SESSION_ID' => 'w0t0p0'
    'LOGNAME' => 'work'
    'LC_CTYPE' => 'UTF-8'
    'SECURITYSESSIONID' => '18726'
    '_' => '/Applications/MAMP/bin/php/php5.6.10/bin/php'
    'PHP_SELF' => 'yii'
    'SCRIPT_NAME' => 'yii'
    'SCRIPT_FILENAME' => 'yii'
    'PATH_TRANSLATED' => 'yii'
    'DOCUMENT_ROOT' => ''
    'REQUEST_TIME_FLOAT' => 1450725022.17
    'REQUEST_TIME' => 1450725022
    'argv' => [
        0 => 'yii'
        1 => 'migrate'
    ]
    'argc' => 2
]
2015-12-21 20:10:57 [-][-][-][error][yii\db\Exception] exception 'PDOException' with message 'SQLSTATE[HY000] [1045] Access denied for user 'root'@'localhost' (using password: YES)' in /Users/work/domains/blablaflat.dev/vendor/yiisoft/yii2/db/Connection.php:579
Stack trace:
#0 /Users/work/domains/blablaflat.dev/vendor/yiisoft/yii2/db/Connection.php(579): PDO->__construct('mysql:host=loca...', 'root', 'root', NULL)
#1 /Users/work/domains/blablaflat.dev/vendor/yiisoft/yii2/db/Connection.php(529): yii\db\Connection->createPdoInstance()
#2 /Users/work/domains/blablaflat.dev/vendor/yiisoft/yii2/db/Connection.php(836): yii\db\Connection->open()
#3 /Users/work/domains/blablaflat.dev/vendor/yiisoft/yii2/db/Connection.php(823): yii\db\Connection->getMasterPdo()
#4 /Users/work/domains/blablaflat.dev/vendor/yiisoft/yii2/db/Command.php(216): yii\db\Connection->getSlavePdo()
#5 /Users/work/domains/blablaflat.dev/vendor/yiisoft/yii2/db/Command.php(831): yii\db\Command->prepare(true)
#6 /Users/work/domains/blablaflat.dev/vendor/yiisoft/yii2/db/Command.php(359): yii\db\Command->queryInternal('fetchAll', NULL)
#7 /Users/work/domains/blablaflat.dev/vendor/yiisoft/yii2/db/mysql/Schema.php(198): yii\db\Command->queryAll()
#8 /Users/work/domains/blablaflat.dev/vendor/yiisoft/yii2/db/mysql/Schema.php(97): yii\db\mysql\Schema->findColumns(Object(yii\db\TableSchema))
#9 /Users/work/domains/blablaflat.dev/vendor/yiisoft/yii2/db/Schema.php(146): yii\db\mysql\Schema->loadTableSchema('migration')
#10 /Users/work/domains/blablaflat.dev/vendor/yiisoft/yii2/console/controllers/MigrateController.php(121): yii\db\Schema->getTableSchema('{{%migration}}', true)
#11 /Users/work/domains/blablaflat.dev/vendor/yiisoft/yii2/console/controllers/BaseMigrateController.php(610): yii\console\controllers\MigrateController->getMigrationHistory(NULL)
#12 /Users/work/domains/blablaflat.dev/vendor/yiisoft/yii2/console/controllers/BaseMigrateController.php(102): yii\console\controllers\BaseMigrateController->getNewMigrations()
#13 [internal function]: yii\console\controllers\BaseMigrateController->actionUp(0)
#14 /Users/work/domains/blablaflat.dev/vendor/yiisoft/yii2/base/InlineAction.php(55): call_user_func_array(Array, Array)
#15 /Users/work/domains/blablaflat.dev/vendor/yiisoft/yii2/base/Controller.php(151): yii\base\InlineAction->runWithParams(Array)
#16 /Users/work/domains/blablaflat.dev/vendor/yiisoft/yii2/console/Controller.php(91): yii\base\Controller->runAction('', Array)
#17 /Users/work/domains/blablaflat.dev/vendor/yiisoft/yii2/base/Module.php(455): yii\console\Controller->runAction('', Array)
#18 /Users/work/domains/blablaflat.dev/vendor/yiisoft/yii2/console/Application.php(167): yii\base\Module->runAction('migrate', Array)
#19 /Users/work/domains/blablaflat.dev/vendor/yiisoft/yii2/console/Application.php(143): yii\console\Application->runAction('migrate', Array)
#20 /Users/work/domains/blablaflat.dev/vendor/yiisoft/yii2/base/Application.php(375): yii\console\Application->handleRequest(Object(yii\console\Request))
#21 /Users/work/domains/blablaflat.dev/yii(24): yii\base\Application->run()
#22 {main}

Next exception 'yii\db\Exception' with message 'SQLSTATE[HY000] [1045] Access denied for user 'root'@'localhost' (using password: YES)' in /Users/work/domains/blablaflat.dev/vendor/yiisoft/yii2/db/Connection.php:534
Stack trace:
#0 /Users/work/domains/blablaflat.dev/vendor/yiisoft/yii2/db/Connection.php(836): yii\db\Connection->open()
#1 /Users/work/domains/blablaflat.dev/vendor/yiisoft/yii2/db/Connection.php(823): yii\db\Connection->getMasterPdo()
#2 /Users/work/domains/blablaflat.dev/vendor/yiisoft/yii2/db/Command.php(216): yii\db\Connection->getSlavePdo()
#3 /Users/work/domains/blablaflat.dev/vendor/yiisoft/yii2/db/Command.php(831): yii\db\Command->prepare(true)
#4 /Users/work/domains/blablaflat.dev/vendor/yiisoft/yii2/db/Command.php(359): yii\db\Command->queryInternal('fetchAll', NULL)
#5 /Users/work/domains/blablaflat.dev/vendor/yiisoft/yii2/db/mysql/Schema.php(198): yii\db\Command->queryAll()
#6 /Users/work/domains/blablaflat.dev/vendor/yiisoft/yii2/db/mysql/Schema.php(97): yii\db\mysql\Schema->findColumns(Object(yii\db\TableSchema))
#7 /Users/work/domains/blablaflat.dev/vendor/yiisoft/yii2/db/Schema.php(146): yii\db\mysql\Schema->loadTableSchema('migration')
#8 /Users/work/domains/blablaflat.dev/vendor/yiisoft/yii2/console/controllers/MigrateController.php(121): yii\db\Schema->getTableSchema('{{%migration}}', true)
#9 /Users/work/domains/blablaflat.dev/vendor/yiisoft/yii2/console/controllers/BaseMigrateController.php(610): yii\console\controllers\MigrateController->getMigrationHistory(NULL)
#10 /Users/work/domains/blablaflat.dev/vendor/yiisoft/yii2/console/controllers/BaseMigrateController.php(102): yii\console\controllers\BaseMigrateController->getNewMigrations()
#11 [internal function]: yii\console\controllers\BaseMigrateController->actionUp(0)
#12 /Users/work/domains/blablaflat.dev/vendor/yiisoft/yii2/base/InlineAction.php(55): call_user_func_array(Array, Array)
#13 /Users/work/domains/blablaflat.dev/vendor/yiisoft/yii2/base/Controller.php(151): yii\base\InlineAction->runWithParams(Array)
#14 /Users/work/domains/blablaflat.dev/vendor/yiisoft/yii2/console/Controller.php(91): yii\base\Controller->runAction('', Array)
#15 /Users/work/domains/blablaflat.dev/vendor/yiisoft/yii2/base/Module.php(455): yii\console\Controller->runAction('', Array)
#16 /Users/work/domains/blablaflat.dev/vendor/yiisoft/yii2/console/Application.php(167): yii\base\Module->runAction('migrate', Array)
#17 /Users/work/domains/blablaflat.dev/vendor/yiisoft/yii2/console/Application.php(143): yii\console\Application->runAction('migrate', Array)
#18 /Users/work/domains/blablaflat.dev/vendor/yiisoft/yii2/base/Application.php(375): yii\console\Application->handleRequest(Object(yii\console\Request))
#19 /Users/work/domains/blablaflat.dev/yii(24): yii\base\Application->run()
#20 {main}
Additional Information:

2015-12-21 20:10:57 [-][-][-][info][application] $_SERVER = [
    'TERM_PROGRAM' => 'iTerm.app'
    'TERM' => 'xterm-256color'
    'SHELL' => '/bin/bash'
    'TMPDIR' => '/var/folders/s6/scpmdjjs223d5q__747h26zc0000gn/T/'
    'Apple_PubSub_Socket_Render' => '/private/tmp/com.apple.launchd.Eq1i0bR3Zd/Render'
    'OLDPWD' => '/Users/work/domains'
    'USER' => 'work'
    'COMMAND_MODE' => 'unix2003'
    'SSH_AUTH_SOCK' => '/private/tmp/com.apple.launchd.MgXTGNCHtE/Listeners'
    '__CF_USER_TEXT_ENCODING' => '0x1F5:0x7:0x31'
    'PATH' => '/usr/bin:/bin:/usr/sbin:/sbin:/usr/local/bin'
    'PWD' => '/Users/work/domains/blablaflat.dev'
    'ITERM_PROFILE' => 'Default'
    'XPC_FLAGS' => '0x0'
    'XPC_SERVICE_NAME' => '0'
    'SHLVL' => '1'
    'HOME' => '/Users/work'
    'COLORFGBG' => '7;0'
    'ITERM_SESSION_ID' => 'w0t0p0'
    'LOGNAME' => 'work'
    'LC_CTYPE' => 'UTF-8'
    'SECURITYSESSIONID' => '18726'
    '_' => '/Applications/MAMP/bin/php/php5.6.10/bin/php'
    'PHP_SELF' => 'yii'
    'SCRIPT_NAME' => 'yii'
    'SCRIPT_FILENAME' => 'yii'
    'PATH_TRANSLATED' => 'yii'
    'DOCUMENT_ROOT' => ''
    'REQUEST_TIME_FLOAT' => 1450725057.68
    'REQUEST_TIME' => 1450725057
    'argv' => [
        0 => 'yii'
        1 => 'migrate'
    ]
    'argc' => 2
]
2015-12-21 20:17:21 [-][-][-][error][yii\db\Exception] exception 'PDOException' with message 'SQLSTATE[HY000] [1045] Access denied for user 'root'@'localhost' (using password: YES)' in /Users/work/domains/blablaflat.dev/vendor/yiisoft/yii2/db/Connection.php:579
Stack trace:
#0 /Users/work/domains/blablaflat.dev/vendor/yiisoft/yii2/db/Connection.php(579): PDO->__construct('mysql:host=loca...', 'root', 'root', NULL)
#1 /Users/work/domains/blablaflat.dev/vendor/yiisoft/yii2/db/Connection.php(529): yii\db\Connection->createPdoInstance()
#2 /Users/work/domains/blablaflat.dev/vendor/yiisoft/yii2/db/Connection.php(836): yii\db\Connection->open()
#3 /Users/work/domains/blablaflat.dev/vendor/yiisoft/yii2/db/Connection.php(823): yii\db\Connection->getMasterPdo()
#4 /Users/work/domains/blablaflat.dev/vendor/yiisoft/yii2/db/Command.php(216): yii\db\Connection->getSlavePdo()
#5 /Users/work/domains/blablaflat.dev/vendor/yiisoft/yii2/db/Command.php(831): yii\db\Command->prepare(true)
#6 /Users/work/domains/blablaflat.dev/vendor/yiisoft/yii2/db/Command.php(359): yii\db\Command->queryInternal('fetchAll', NULL)
#7 /Users/work/domains/blablaflat.dev/vendor/yiisoft/yii2/db/mysql/Schema.php(198): yii\db\Command->queryAll()
#8 /Users/work/domains/blablaflat.dev/vendor/yiisoft/yii2/db/mysql/Schema.php(97): yii\db\mysql\Schema->findColumns(Object(yii\db\TableSchema))
#9 /Users/work/domains/blablaflat.dev/vendor/yiisoft/yii2/db/Schema.php(146): yii\db\mysql\Schema->loadTableSchema('migration')
#10 /Users/work/domains/blablaflat.dev/vendor/yiisoft/yii2/console/controllers/MigrateController.php(121): yii\db\Schema->getTableSchema('{{%migration}}', true)
#11 /Users/work/domains/blablaflat.dev/vendor/yiisoft/yii2/console/controllers/BaseMigrateController.php(610): yii\console\controllers\MigrateController->getMigrationHistory(NULL)
#12 /Users/work/domains/blablaflat.dev/vendor/yiisoft/yii2/console/controllers/BaseMigrateController.php(102): yii\console\controllers\BaseMigrateController->getNewMigrations()
#13 [internal function]: yii\console\controllers\BaseMigrateController->actionUp(0)
#14 /Users/work/domains/blablaflat.dev/vendor/yiisoft/yii2/base/InlineAction.php(55): call_user_func_array(Array, Array)
#15 /Users/work/domains/blablaflat.dev/vendor/yiisoft/yii2/base/Controller.php(151): yii\base\InlineAction->runWithParams(Array)
#16 /Users/work/domains/blablaflat.dev/vendor/yiisoft/yii2/console/Controller.php(91): yii\base\Controller->runAction('', Array)
#17 /Users/work/domains/blablaflat.dev/vendor/yiisoft/yii2/base/Module.php(455): yii\console\Controller->runAction('', Array)
#18 /Users/work/domains/blablaflat.dev/vendor/yiisoft/yii2/console/Application.php(167): yii\base\Module->runAction('migrate', Array)
#19 /Users/work/domains/blablaflat.dev/vendor/yiisoft/yii2/console/Application.php(143): yii\console\Application->runAction('migrate', Array)
#20 /Users/work/domains/blablaflat.dev/vendor/yiisoft/yii2/base/Application.php(375): yii\console\Application->handleRequest(Object(yii\console\Request))
#21 /Users/work/domains/blablaflat.dev/yii(24): yii\base\Application->run()
#22 {main}

Next exception 'yii\db\Exception' with message 'SQLSTATE[HY000] [1045] Access denied for user 'root'@'localhost' (using password: YES)' in /Users/work/domains/blablaflat.dev/vendor/yiisoft/yii2/db/Connection.php:534
Stack trace:
#0 /Users/work/domains/blablaflat.dev/vendor/yiisoft/yii2/db/Connection.php(836): yii\db\Connection->open()
#1 /Users/work/domains/blablaflat.dev/vendor/yiisoft/yii2/db/Connection.php(823): yii\db\Connection->getMasterPdo()
#2 /Users/work/domains/blablaflat.dev/vendor/yiisoft/yii2/db/Command.php(216): yii\db\Connection->getSlavePdo()
#3 /Users/work/domains/blablaflat.dev/vendor/yiisoft/yii2/db/Command.php(831): yii\db\Command->prepare(true)
#4 /Users/work/domains/blablaflat.dev/vendor/yiisoft/yii2/db/Command.php(359): yii\db\Command->queryInternal('fetchAll', NULL)
#5 /Users/work/domains/blablaflat.dev/vendor/yiisoft/yii2/db/mysql/Schema.php(198): yii\db\Command->queryAll()
#6 /Users/work/domains/blablaflat.dev/vendor/yiisoft/yii2/db/mysql/Schema.php(97): yii\db\mysql\Schema->findColumns(Object(yii\db\TableSchema))
#7 /Users/work/domains/blablaflat.dev/vendor/yiisoft/yii2/db/Schema.php(146): yii\db\mysql\Schema->loadTableSchema('migration')
#8 /Users/work/domains/blablaflat.dev/vendor/yiisoft/yii2/console/controllers/MigrateController.php(121): yii\db\Schema->getTableSchema('{{%migration}}', true)
#9 /Users/work/domains/blablaflat.dev/vendor/yiisoft/yii2/console/controllers/BaseMigrateController.php(610): yii\console\controllers\MigrateController->getMigrationHistory(NULL)
#10 /Users/work/domains/blablaflat.dev/vendor/yiisoft/yii2/console/controllers/BaseMigrateController.php(102): yii\console\controllers\BaseMigrateController->getNewMigrations()
#11 [internal function]: yii\console\controllers\BaseMigrateController->actionUp(0)
#12 /Users/work/domains/blablaflat.dev/vendor/yiisoft/yii2/base/InlineAction.php(55): call_user_func_array(Array, Array)
#13 /Users/work/domains/blablaflat.dev/vendor/yiisoft/yii2/base/Controller.php(151): yii\base\InlineAction->runWithParams(Array)
#14 /Users/work/domains/blablaflat.dev/vendor/yiisoft/yii2/console/Controller.php(91): yii\base\Controller->runAction('', Array)
#15 /Users/work/domains/blablaflat.dev/vendor/yiisoft/yii2/base/Module.php(455): yii\console\Controller->runAction('', Array)
#16 /Users/work/domains/blablaflat.dev/vendor/yiisoft/yii2/console/Application.php(167): yii\base\Module->runAction('migrate', Array)
#17 /Users/work/domains/blablaflat.dev/vendor/yiisoft/yii2/console/Application.php(143): yii\console\Application->runAction('migrate', Array)
#18 /Users/work/domains/blablaflat.dev/vendor/yiisoft/yii2/base/Application.php(375): yii\console\Application->handleRequest(Object(yii\console\Request))
#19 /Users/work/domains/blablaflat.dev/yii(24): yii\base\Application->run()
#20 {main}
Additional Information:

2015-12-21 20:17:21 [-][-][-][info][application] $_SERVER = [
    'TERM_PROGRAM' => 'iTerm.app'
    'TERM' => 'xterm-256color'
    'SHELL' => '/bin/bash'
    'TMPDIR' => '/var/folders/s6/scpmdjjs223d5q__747h26zc0000gn/T/'
    'Apple_PubSub_Socket_Render' => '/private/tmp/com.apple.launchd.Eq1i0bR3Zd/Render'
    'OLDPWD' => '/Users/work/domains'
    'USER' => 'work'
    'COMMAND_MODE' => 'unix2003'
    'SSH_AUTH_SOCK' => '/private/tmp/com.apple.launchd.MgXTGNCHtE/Listeners'
    '__CF_USER_TEXT_ENCODING' => '0x1F5:0x7:0x31'
    'PATH' => '/usr/bin:/bin:/usr/sbin:/sbin:/usr/local/bin'
    'PWD' => '/Users/work/domains/blablaflat.dev'
    'ITERM_PROFILE' => 'Default'
    'XPC_FLAGS' => '0x0'
    'XPC_SERVICE_NAME' => '0'
    'SHLVL' => '1'
    'HOME' => '/Users/work'
    'COLORFGBG' => '7;0'
    'ITERM_SESSION_ID' => 'w0t0p0'
    'LOGNAME' => 'work'
    'LC_CTYPE' => 'UTF-8'
    'SECURITYSESSIONID' => '18726'
    '_' => '/Applications/MAMP/bin/php/php5.6.10/bin/php'
    'PHP_SELF' => 'yii'
    'SCRIPT_NAME' => 'yii'
    'SCRIPT_FILENAME' => 'yii'
    'PATH_TRANSLATED' => 'yii'
    'DOCUMENT_ROOT' => ''
    'REQUEST_TIME_FLOAT' => 1450725441.16
    'REQUEST_TIME' => 1450725441
    'argv' => [
        0 => 'yii'
        1 => 'migrate'
    ]
    'argc' => 2
]
2015-12-25 14:45:31 [-][-][-][error][yii\db\Exception] exception 'PDOException' with message 'SQLSTATE[42000]: Syntax error or access violation: 1064 You have an error in your SQL syntax; check the manual that corresponds to your MySQL server version for the right syntax to use near 'male,
	`userEmail` varchar(255) DEFAULT NULL,
	`userAvatarUrl` varchar(255) DEFA' at line 6' in D:\OpenServer\domains\blablaflat.dev\vendor\yiisoft\yii2\db\Command.php:781
Stack trace:
#0 D:\OpenServer\domains\blablaflat.dev\vendor\yiisoft\yii2\db\Command.php(781): PDOStatement->execute()
#1 D:\OpenServer\domains\blablaflat.dev\vendor\yiisoft\yii2\db\Migration.php(260): yii\db\Command->execute()
#2 D:\OpenServer\domains\blablaflat.dev\app\migrations\m151225_113607_create_user_social_table.php(21): yii\db\Migration->createTable('user_social', Array)
#3 D:\OpenServer\domains\blablaflat.dev\vendor\yiisoft\yii2\console\controllers\BaseMigrateController.php(492): m151225_113607_create_user_social_table->up()
#4 D:\OpenServer\domains\blablaflat.dev\vendor\yiisoft\yii2\console\controllers\BaseMigrateController.php(129): yii\console\controllers\BaseMigrateController->migrateUp('m151225_113607_...')
#5 [internal function]: yii\console\controllers\BaseMigrateController->actionUp(0)
#6 D:\OpenServer\domains\blablaflat.dev\vendor\yiisoft\yii2\base\InlineAction.php(55): call_user_func_array(Array, Array)
#7 D:\OpenServer\domains\blablaflat.dev\vendor\yiisoft\yii2\base\Controller.php(151): yii\base\InlineAction->runWithParams(Array)
#8 D:\OpenServer\domains\blablaflat.dev\vendor\yiisoft\yii2\console\Controller.php(91): yii\base\Controller->runAction('', Array)
#9 D:\OpenServer\domains\blablaflat.dev\vendor\yiisoft\yii2\base\Module.php(455): yii\console\Controller->runAction('', Array)
#10 D:\OpenServer\domains\blablaflat.dev\vendor\yiisoft\yii2\console\Application.php(167): yii\base\Module->runAction('migrate', Array)
#11 D:\OpenServer\domains\blablaflat.dev\vendor\yiisoft\yii2\console\Application.php(143): yii\console\Application->runAction('migrate', Array)
#12 D:\OpenServer\domains\blablaflat.dev\vendor\yiisoft\yii2\base\Application.php(375): yii\console\Application->handleRequest(Object(yii\console\Request))
#13 D:\OpenServer\domains\blablaflat.dev\yii(24): yii\base\Application->run()
#14 {main}

Next exception 'yii\db\Exception' with message 'SQLSTATE[42000]: Syntax error or access violation: 1064 You have an error in your SQL syntax; check the manual that corresponds to your MySQL server version for the right syntax to use near 'male,
	`userEmail` varchar(255) DEFAULT NULL,
	`userAvatarUrl` varchar(255) DEFA' at line 6
The SQL being executed was: CREATE TABLE `user_social` (
	`id` int(11) unsigned NOT NULL AUTO_INCREMENT,
	`socialId` varchar(100) DEFAULT NULL,
	`accessToken` int(11) unsigned DEFAULT NULL,
	`userName` varchar(255) DEFAULT NULL,
	`sex` enum("male", "female") DEFAULT male,
	`userEmail` varchar(255) DEFAULT NULL,
	`userAvatarUrl` varchar(255) DEFAULT NULL,
	`userAttributesStorage` text,
	`timeCreated` timestamp NOT NULL DEFAULT CURRENT_TIMESTAMP,
	PRIMARY KEY (id)
)' in D:\OpenServer\domains\blablaflat.dev\vendor\yiisoft\yii2\db\Schema.php:628
Stack trace:
#0 D:\OpenServer\domains\blablaflat.dev\vendor\yiisoft\yii2\db\Command.php(791): yii\db\Schema->convertException(Object(PDOException), 'CREATE TABLE `u...')
#1 D:\OpenServer\domains\blablaflat.dev\vendor\yiisoft\yii2\db\Migration.php(260): yii\db\Command->execute()
#2 D:\OpenServer\domains\blablaflat.dev\app\migrations\m151225_113607_create_user_social_table.php(21): yii\db\Migration->createTable('user_social', Array)
#3 D:\OpenServer\domains\blablaflat.dev\vendor\yiisoft\yii2\console\controllers\BaseMigrateController.php(492): m151225_113607_create_user_social_table->up()
#4 D:\OpenServer\domains\blablaflat.dev\vendor\yiisoft\yii2\console\controllers\BaseMigrateController.php(129): yii\console\controllers\BaseMigrateController->migrateUp('m151225_113607_...')
#5 [internal function]: yii\console\controllers\BaseMigrateController->actionUp(0)
#6 D:\OpenServer\domains\blablaflat.dev\vendor\yiisoft\yii2\base\InlineAction.php(55): call_user_func_array(Array, Array)
#7 D:\OpenServer\domains\blablaflat.dev\vendor\yiisoft\yii2\base\Controller.php(151): yii\base\InlineAction->runWithParams(Array)
#8 D:\OpenServer\domains\blablaflat.dev\vendor\yiisoft\yii2\console\Controller.php(91): yii\base\Controller->runAction('', Array)
#9 D:\OpenServer\domains\blablaflat.dev\vendor\yiisoft\yii2\base\Module.php(455): yii\console\Controller->runAction('', Array)
#10 D:\OpenServer\domains\blablaflat.dev\vendor\yiisoft\yii2\console\Application.php(167): yii\base\Module->runAction('migrate', Array)
#11 D:\OpenServer\domains\blablaflat.dev\vendor\yiisoft\yii2\console\Application.php(143): yii\console\Application->runAction('migrate', Array)
#12 D:\OpenServer\domains\blablaflat.dev\vendor\yiisoft\yii2\base\Application.php(375): yii\console\Application->handleRequest(Object(yii\console\Request))
#13 D:\OpenServer\domains\blablaflat.dev\yii(24): yii\base\Application->run()
#14 {main}
Additional Information:
Array
(
    [0] => 42000
    [1] => 1064
    [2] => You have an error in your SQL syntax; check the manual that corresponds to your MySQL server version for the right syntax to use near 'male,
	`userEmail` varchar(255) DEFAULT NULL,
	`userAvatarUrl` varchar(255) DEFA' at line 6
)

2015-12-25 14:45:28 [-][-][-][info][application] $_SERVER = [
    'ALLUSERSPROFILE' => 'C:\\ProgramData'
    'ANSICON' => '88x9000 (88x38)'
    'ANSICON_DEF' => '7'
    'APPDATA' => 'C:\\Users\\vadik_b52\\AppData\\Roaming'
    'asl_log' => 'Destination=file'
    'CommonProgramFiles' => 'C:\\Program Files (x86)\\Common Files'
    'CommonProgramFiles(x86)' => 'C:\\Program Files (x86)\\Common Files'
    'CommonProgramW6432' => 'C:\\Program Files\\Common Files'
    'COMPUTERNAME' => 'VADIK_B52-PC'
    'ComSpec' => 'C:\\Windows\\system32\\cmd.exe'
    'ConEmuANSI' => 'ON'
    'ConEmuAnsiLog' => ''
    'ConEmuArgs' => '/Single'
    'ConEmuBackHWND' => '0x000305B4'
    'ConEmuBaseDir' => 'D:\\openserver\\modules\\conemu\\ConEmu'
    'ConEmuBuild' => '150705'
    'ConEmuConfig' => ''
    'ConEmuDir' => 'D:\\openserver\\modules\\conemu'
    'ConEmuDrawHWND' => '0x00090386'
    'ConEmuDrive' => 'D:'
    'ConEmuHooks' => 'Enabled'
    'ConEmuHWND' => '0x0030035E'
    'ConEmuIsAdmin' => 'ADMIN'
    'ConEmuPID' => '7048'
    'ConEmuPrompt0' => '$E[32m$E]9;8;\"USERNAME\"$E\\@$E]9;8;\"COMPUTERNAME\"$E\\$S'
    'ConEmuPrompt1' => '$E[32m$E]9;8;\"USERNAME\"$E\\@$E]9;8;\"COMPUTERNAME\"$E\\$S$E[92m$P$E[90m'
    'ConEmuPrompt2' => '$_$E[90m$$'
    'ConEmuPrompt3' => '$E[m$S'
    'ConEmuServerPID' => '7388'
    'ConEmuWorkDir' => 'd:\\openserver'
    'ConEmuWorkDrive' => 'd:'
    'FP_NO_HOST_CHECK' => 'NO'
    'HOME' => 'd:\\openserver'
    'HOMEDRIVE' => 'd:'
    'HOMEPATH' => '\\openserver'
    'LOCALAPPDATA' => 'C:\\Users\\vadik_b52\\AppData\\Local'
    'LOGONSERVER' => '\\\\VADIK_B52-PC'
    'MAGICK_CODER_FILTER_PATH' => 'd:\\openserver\\modules\\imagemagick\\modules\\filters'
    'MAGICK_CODER_MODULE_PATH' => 'd:\\openserver\\modules\\imagemagick\\modules\\coders'
    'MAGICK_CONFIGURE_PATH' => 'd:\\openserver\\modules\\imagemagick'
    'MAGICK_HOME' => 'd:\\openserver\\modules\\imagemagick'
    'MAGICK_TEMPORARY_PATH' => 'd:\\openserver\\userdata\\temp'
    'NUMBER_OF_PROCESSORS' => '8'
    'OPENSSL_CONF' => 'd:\\openserver\\modules\\http\\Apache-2.4\\conf\\openssl.cnf'
    'OS' => 'Windows_NT'
    'Path' => 'D:\\openserver\\modules\\conemu;D:\\openserver\\modules\\conemu\\ConEmu;d:\\openserver\\modules\\php\\PHP-5.6\\ext;d:\\openserver\\modules\\php\\PHP-5.6\\pear;d:\\openserver\\modules\\php\\PHP-5.6\\pear\\bin;d:\\openserver\\modules\\php\\PHP-5.6;d:\\openserver\\modules\\imagemagick;d:\\openserver\\modules\\wget\\bin;d:\\openserver\\modules\\git;d:\\openserver\\modules\\git\\bin;d:\\openserver\\modules\\git\\mingw\\bin;d:\\openserver\\modules\\git\\cmd;d:\\openserver\\modules\\database\\MySQL-5.6\\bin;d:\\openserver\\modules\\redis\\Redis-2.8;d:\\openserver\\modules\\http\\Apache-2.4\\bin;d:\\openserver\\modules\\http\\Apache-2.4;C:\\Windows\\system32;C:\\Windows;C:\\Windows\\system32\\Wbem;C:\\Windows\\SysWOW64;C:\\Windows\\system32;C:\\Windows;C:\\Windows\\System32\\Wbem;C:\\Windows\\System32\\WindowsPowerShell\\v1.0\\;C:\\Program Files (x86)\\Skype\\Phone\\;C:\\Program Files\\Git\\cmd;D:\\OpenServer\\modules\\php\\PHP-5.6;C:\\ProgramData\\ComposerSetup\\bin;C:\\Program Files (x86)\\NVIDIA Corporation\\PhysX\\Common;C:\\Program Files\\nodejs\\;C:\\Program Files\\nodejs\\node_modules\\npm;C:\\Program Files (x86)\\IDM Computer Solutions\\UltraEdit;C:\\Users\\vadik_b52\\AppData\\Roaming\\npm;C:\\Users\\vadik_b52\\AppData\\Roaming\\Composer\\vendor\\bin'
    'PATHEXT' => '.COM;.EXE;.BAT;.CMD;.VBS;.VBE;.JS;.JSE;.WSF;.WSH;.MSC'
    'PHPBIN' => 'd:\\openserver\\modules\\php\\PHP-5.6\\php.exe'
    'PHPDIR' => 'd:\\openserver\\modules\\php\\PHP-5.6\\'
    'PHPRC' => 'd:\\openserver\\modules\\php\\PHP-5.6'
    'PHP_BIN' => 'd:\\openserver\\modules\\php\\PHP-5.6\\php.exe'
    'PHP_BINARY' => 'd:\\openserver\\modules\\php\\PHP-5.6\\php.exe'
    'PHP_BINDIR' => 'd:\\openserver\\modules\\php\\PHP-5.6\\'
    'PHP_DIR' => 'd:\\openserver\\modules\\php\\PHP-5.6\\'
    'PHP_INI' => 'd:\\openserver\\modules\\php\\PHP-5.6\\php.ini'
    'PHP_PEAR_BIN_DIR' => 'd:\\openserver\\modules\\php\\PHP-5.6\\PEAR'
    'PHP_PEAR_DATA_DIR' => 'd:\\openserver\\modules\\php\\PHP-5.6\\PEAR\\data'
    'PHP_PEAR_DOC_DIR' => 'd:\\openserver\\modules\\php\\PHP-5.6\\PEAR\\docs'
    'PHP_PEAR_INSTALL_DIR' => 'd:\\openserver\\modules\\php\\PHP-5.6\\PEAR\\pear'
    'PHP_PEAR_PHP_BIN' => 'd:\\openserver\\modules\\php\\PHP-5.6\\php.exe'
    'PHP_PEAR_SYSCONF_DIR' => 'd:\\openserver\\modules\\php\\PHP-5.6\\PEAR'
    'PHP_PEAR_TEST_DIR' => 'd:\\openserver\\modules\\php\\PHP-5.6\\PEAR\\tests'
    'PLINK_PROTOCOL' => 'ssh'
    'PROCESSOR_ARCHITECTURE' => 'x86'
    'PROCESSOR_ARCHITEW6432' => 'AMD64'
    'PROCESSOR_IDENTIFIER' => 'Intel64 Family 6 Model 42 Stepping 7, GenuineIntel'
    'PROCESSOR_LEVEL' => '6'
    'PROCESSOR_REVISION' => '2a07'
    'ProgramData' => 'C:\\ProgramData'
    'ProgramFiles' => 'C:\\Program Files (x86)'
    'ProgramFiles(x86)' => 'C:\\Program Files (x86)'
    'ProgramW6432' => 'C:\\Program Files'
    'PROMPT' => '$E[32m$E]9;8;\"USERNAME\"$E\\@$E]9;8;\"COMPUTERNAME\"$E\\$S$E[92m$P$E[90m$_$E[90m$$$E[m$S'
    'PSModulePath' => 'C:\\Windows\\system32\\WindowsPowerShell\\v1.0\\Modules\\'
    'PUBLIC' => 'C:\\Users\\Public'
    'SystemDrive' => 'C:'
    'SystemRoot' => 'C:\\Windows'
    'TEMP' => 'd:\\openserver\\userdata\\temp'
    'TERM' => 'msys'
    'TMP' => 'd:\\openserver\\userdata\\temp'
    'USERDOMAIN' => 'vadik_b52-pc'
    'USERNAME' => 'vadik_b52'
    'USERPROFILE' => 'C:\\Users\\vadik_b52'
    'windir' => 'C:\\Windows'
    'windows_tracing_flags' => '3'
    'windows_tracing_logfile' => 'C:\\BVTBin\\Tests\\installpackage\\csilogfile.log'
    'PHP_SELF' => 'yii'
    'SCRIPT_NAME' => 'yii'
    'SCRIPT_FILENAME' => 'yii'
    'PATH_TRANSLATED' => 'yii'
    'DOCUMENT_ROOT' => ''
    'REQUEST_TIME_FLOAT' => 1451043928.1946
    'REQUEST_TIME' => 1451043928
    'argv' => [
        0 => 'yii'
        1 => 'migrate'
    ]
    'argc' => 2
]
2015-12-25 14:46:41 [-][-][-][error][yii\db\Exception] exception 'PDOException' with message 'SQLSTATE[42000]: Syntax error or access violation: 1064 You have an error in your SQL syntax; check the manual that corresponds to your MySQL server version for the right syntax to use near 'male,
	`userEmail` varchar(255) DEFAULT NULL,
	`userAvatarUrl` varchar(255) DEFA' at line 6' in D:\OpenServer\domains\blablaflat.dev\vendor\yiisoft\yii2\db\Command.php:781
Stack trace:
#0 D:\OpenServer\domains\blablaflat.dev\vendor\yiisoft\yii2\db\Command.php(781): PDOStatement->execute()
#1 D:\OpenServer\domains\blablaflat.dev\vendor\yiisoft\yii2\db\Migration.php(260): yii\db\Command->execute()
#2 D:\OpenServer\domains\blablaflat.dev\app\migrations\m151225_113607_create_user_social_table.php(21): yii\db\Migration->createTable('user_social', Array)
#3 D:\OpenServer\domains\blablaflat.dev\vendor\yiisoft\yii2\console\controllers\BaseMigrateController.php(492): m151225_113607_create_user_social_table->up()
#4 D:\OpenServer\domains\blablaflat.dev\vendor\yiisoft\yii2\console\controllers\BaseMigrateController.php(129): yii\console\controllers\BaseMigrateController->migrateUp('m151225_113607_...')
#5 [internal function]: yii\console\controllers\BaseMigrateController->actionUp(0)
#6 D:\OpenServer\domains\blablaflat.dev\vendor\yiisoft\yii2\base\InlineAction.php(55): call_user_func_array(Array, Array)
#7 D:\OpenServer\domains\blablaflat.dev\vendor\yiisoft\yii2\base\Controller.php(151): yii\base\InlineAction->runWithParams(Array)
#8 D:\OpenServer\domains\blablaflat.dev\vendor\yiisoft\yii2\console\Controller.php(91): yii\base\Controller->runAction('', Array)
#9 D:\OpenServer\domains\blablaflat.dev\vendor\yiisoft\yii2\base\Module.php(455): yii\console\Controller->runAction('', Array)
#10 D:\OpenServer\domains\blablaflat.dev\vendor\yiisoft\yii2\console\Application.php(167): yii\base\Module->runAction('migrate', Array)
#11 D:\OpenServer\domains\blablaflat.dev\vendor\yiisoft\yii2\console\Application.php(143): yii\console\Application->runAction('migrate', Array)
#12 D:\OpenServer\domains\blablaflat.dev\vendor\yiisoft\yii2\base\Application.php(375): yii\console\Application->handleRequest(Object(yii\console\Request))
#13 D:\OpenServer\domains\blablaflat.dev\yii(24): yii\base\Application->run()
#14 {main}

Next exception 'yii\db\Exception' with message 'SQLSTATE[42000]: Syntax error or access violation: 1064 You have an error in your SQL syntax; check the manual that corresponds to your MySQL server version for the right syntax to use near 'male,
	`userEmail` varchar(255) DEFAULT NULL,
	`userAvatarUrl` varchar(255) DEFA' at line 6
The SQL being executed was: CREATE TABLE `user_social` (
	`id` int(11) unsigned NOT NULL AUTO_INCREMENT,
	`socialId` varchar(100) DEFAULT NULL,
	`accessToken` int(11) unsigned DEFAULT NULL,
	`userName` varchar(255) DEFAULT NULL,
	`sex` enum('male', 'female') DEFAULT male,
	`userEmail` varchar(255) DEFAULT NULL,
	`userAvatarUrl` varchar(255) DEFAULT NULL,
	`userAttributesStorage` text,
	`timeCreated` timestamp NOT NULL DEFAULT CURRENT_TIMESTAMP,
	PRIMARY KEY (id)
)' in D:\OpenServer\domains\blablaflat.dev\vendor\yiisoft\yii2\db\Schema.php:628
Stack trace:
#0 D:\OpenServer\domains\blablaflat.dev\vendor\yiisoft\yii2\db\Command.php(791): yii\db\Schema->convertException(Object(PDOException), 'CREATE TABLE `u...')
#1 D:\OpenServer\domains\blablaflat.dev\vendor\yiisoft\yii2\db\Migration.php(260): yii\db\Command->execute()
#2 D:\OpenServer\domains\blablaflat.dev\app\migrations\m151225_113607_create_user_social_table.php(21): yii\db\Migration->createTable('user_social', Array)
#3 D:\OpenServer\domains\blablaflat.dev\vendor\yiisoft\yii2\console\controllers\BaseMigrateController.php(492): m151225_113607_create_user_social_table->up()
#4 D:\OpenServer\domains\blablaflat.dev\vendor\yiisoft\yii2\console\controllers\BaseMigrateController.php(129): yii\console\controllers\BaseMigrateController->migrateUp('m151225_113607_...')
#5 [internal function]: yii\console\controllers\BaseMigrateController->actionUp(0)
#6 D:\OpenServer\domains\blablaflat.dev\vendor\yiisoft\yii2\base\InlineAction.php(55): call_user_func_array(Array, Array)
#7 D:\OpenServer\domains\blablaflat.dev\vendor\yiisoft\yii2\base\Controller.php(151): yii\base\InlineAction->runWithParams(Array)
#8 D:\OpenServer\domains\blablaflat.dev\vendor\yiisoft\yii2\console\Controller.php(91): yii\base\Controller->runAction('', Array)
#9 D:\OpenServer\domains\blablaflat.dev\vendor\yiisoft\yii2\base\Module.php(455): yii\console\Controller->runAction('', Array)
#10 D:\OpenServer\domains\blablaflat.dev\vendor\yiisoft\yii2\console\Application.php(167): yii\base\Module->runAction('migrate', Array)
#11 D:\OpenServer\domains\blablaflat.dev\vendor\yiisoft\yii2\console\Application.php(143): yii\console\Application->runAction('migrate', Array)
#12 D:\OpenServer\domains\blablaflat.dev\vendor\yiisoft\yii2\base\Application.php(375): yii\console\Application->handleRequest(Object(yii\console\Request))
#13 D:\OpenServer\domains\blablaflat.dev\yii(24): yii\base\Application->run()
#14 {main}
Additional Information:
Array
(
    [0] => 42000
    [1] => 1064
    [2] => You have an error in your SQL syntax; check the manual that corresponds to your MySQL server version for the right syntax to use near 'male,
	`userEmail` varchar(255) DEFAULT NULL,
	`userAvatarUrl` varchar(255) DEFA' at line 6
)

2015-12-25 14:46:38 [-][-][-][info][application] $_SERVER = [
    'ALLUSERSPROFILE' => 'C:\\ProgramData'
    'ANSICON' => '88x9000 (88x38)'
    'ANSICON_DEF' => '7'
    'APPDATA' => 'C:\\Users\\vadik_b52\\AppData\\Roaming'
    'asl_log' => 'Destination=file'
    'CommonProgramFiles' => 'C:\\Program Files (x86)\\Common Files'
    'CommonProgramFiles(x86)' => 'C:\\Program Files (x86)\\Common Files'
    'CommonProgramW6432' => 'C:\\Program Files\\Common Files'
    'COMPUTERNAME' => 'VADIK_B52-PC'
    'ComSpec' => 'C:\\Windows\\system32\\cmd.exe'
    'ConEmuANSI' => 'ON'
    'ConEmuAnsiLog' => ''
    'ConEmuArgs' => '/Single'
    'ConEmuBackHWND' => '0x000305B4'
    'ConEmuBaseDir' => 'D:\\openserver\\modules\\conemu\\ConEmu'
    'ConEmuBuild' => '150705'
    'ConEmuConfig' => ''
    'ConEmuDir' => 'D:\\openserver\\modules\\conemu'
    'ConEmuDrawHWND' => '0x00090386'
    'ConEmuDrive' => 'D:'
    'ConEmuHooks' => 'Enabled'
    'ConEmuHWND' => '0x0030035E'
    'ConEmuIsAdmin' => 'ADMIN'
    'ConEmuPID' => '7048'
    'ConEmuPrompt0' => '$E[32m$E]9;8;\"USERNAME\"$E\\@$E]9;8;\"COMPUTERNAME\"$E\\$S'
    'ConEmuPrompt1' => '$E[32m$E]9;8;\"USERNAME\"$E\\@$E]9;8;\"COMPUTERNAME\"$E\\$S$E[92m$P$E[90m'
    'ConEmuPrompt2' => '$_$E[90m$$'
    'ConEmuPrompt3' => '$E[m$S'
    'ConEmuServerPID' => '7388'
    'ConEmuWorkDir' => 'd:\\openserver'
    'ConEmuWorkDrive' => 'd:'
    'FP_NO_HOST_CHECK' => 'NO'
    'HOME' => 'd:\\openserver'
    'HOMEDRIVE' => 'd:'
    'HOMEPATH' => '\\openserver'
    'LOCALAPPDATA' => 'C:\\Users\\vadik_b52\\AppData\\Local'
    'LOGONSERVER' => '\\\\VADIK_B52-PC'
    'MAGICK_CODER_FILTER_PATH' => 'd:\\openserver\\modules\\imagemagick\\modules\\filters'
    'MAGICK_CODER_MODULE_PATH' => 'd:\\openserver\\modules\\imagemagick\\modules\\coders'
    'MAGICK_CONFIGURE_PATH' => 'd:\\openserver\\modules\\imagemagick'
    'MAGICK_HOME' => 'd:\\openserver\\modules\\imagemagick'
    'MAGICK_TEMPORARY_PATH' => 'd:\\openserver\\userdata\\temp'
    'NUMBER_OF_PROCESSORS' => '8'
    'OPENSSL_CONF' => 'd:\\openserver\\modules\\http\\Apache-2.4\\conf\\openssl.cnf'
    'OS' => 'Windows_NT'
    'Path' => 'D:\\openserver\\modules\\conemu;D:\\openserver\\modules\\conemu\\ConEmu;d:\\openserver\\modules\\php\\PHP-5.6\\ext;d:\\openserver\\modules\\php\\PHP-5.6\\pear;d:\\openserver\\modules\\php\\PHP-5.6\\pear\\bin;d:\\openserver\\modules\\php\\PHP-5.6;d:\\openserver\\modules\\imagemagick;d:\\openserver\\modules\\wget\\bin;d:\\openserver\\modules\\git;d:\\openserver\\modules\\git\\bin;d:\\openserver\\modules\\git\\mingw\\bin;d:\\openserver\\modules\\git\\cmd;d:\\openserver\\modules\\database\\MySQL-5.6\\bin;d:\\openserver\\modules\\redis\\Redis-2.8;d:\\openserver\\modules\\http\\Apache-2.4\\bin;d:\\openserver\\modules\\http\\Apache-2.4;C:\\Windows\\system32;C:\\Windows;C:\\Windows\\system32\\Wbem;C:\\Windows\\SysWOW64;C:\\Windows\\system32;C:\\Windows;C:\\Windows\\System32\\Wbem;C:\\Windows\\System32\\WindowsPowerShell\\v1.0\\;C:\\Program Files (x86)\\Skype\\Phone\\;C:\\Program Files\\Git\\cmd;D:\\OpenServer\\modules\\php\\PHP-5.6;C:\\ProgramData\\ComposerSetup\\bin;C:\\Program Files (x86)\\NVIDIA Corporation\\PhysX\\Common;C:\\Program Files\\nodejs\\;C:\\Program Files\\nodejs\\node_modules\\npm;C:\\Program Files (x86)\\IDM Computer Solutions\\UltraEdit;C:\\Users\\vadik_b52\\AppData\\Roaming\\npm;C:\\Users\\vadik_b52\\AppData\\Roaming\\Composer\\vendor\\bin'
    'PATHEXT' => '.COM;.EXE;.BAT;.CMD;.VBS;.VBE;.JS;.JSE;.WSF;.WSH;.MSC'
    'PHPBIN' => 'd:\\openserver\\modules\\php\\PHP-5.6\\php.exe'
    'PHPDIR' => 'd:\\openserver\\modules\\php\\PHP-5.6\\'
    'PHPRC' => 'd:\\openserver\\modules\\php\\PHP-5.6'
    'PHP_BIN' => 'd:\\openserver\\modules\\php\\PHP-5.6\\php.exe'
    'PHP_BINARY' => 'd:\\openserver\\modules\\php\\PHP-5.6\\php.exe'
    'PHP_BINDIR' => 'd:\\openserver\\modules\\php\\PHP-5.6\\'
    'PHP_DIR' => 'd:\\openserver\\modules\\php\\PHP-5.6\\'
    'PHP_INI' => 'd:\\openserver\\modules\\php\\PHP-5.6\\php.ini'
    'PHP_PEAR_BIN_DIR' => 'd:\\openserver\\modules\\php\\PHP-5.6\\PEAR'
    'PHP_PEAR_DATA_DIR' => 'd:\\openserver\\modules\\php\\PHP-5.6\\PEAR\\data'
    'PHP_PEAR_DOC_DIR' => 'd:\\openserver\\modules\\php\\PHP-5.6\\PEAR\\docs'
    'PHP_PEAR_INSTALL_DIR' => 'd:\\openserver\\modules\\php\\PHP-5.6\\PEAR\\pear'
    'PHP_PEAR_PHP_BIN' => 'd:\\openserver\\modules\\php\\PHP-5.6\\php.exe'
    'PHP_PEAR_SYSCONF_DIR' => 'd:\\openserver\\modules\\php\\PHP-5.6\\PEAR'
    'PHP_PEAR_TEST_DIR' => 'd:\\openserver\\modules\\php\\PHP-5.6\\PEAR\\tests'
    'PLINK_PROTOCOL' => 'ssh'
    'PROCESSOR_ARCHITECTURE' => 'x86'
    'PROCESSOR_ARCHITEW6432' => 'AMD64'
    'PROCESSOR_IDENTIFIER' => 'Intel64 Family 6 Model 42 Stepping 7, GenuineIntel'
    'PROCESSOR_LEVEL' => '6'
    'PROCESSOR_REVISION' => '2a07'
    'ProgramData' => 'C:\\ProgramData'
    'ProgramFiles' => 'C:\\Program Files (x86)'
    'ProgramFiles(x86)' => 'C:\\Program Files (x86)'
    'ProgramW6432' => 'C:\\Program Files'
    'PROMPT' => '$E[32m$E]9;8;\"USERNAME\"$E\\@$E]9;8;\"COMPUTERNAME\"$E\\$S$E[92m$P$E[90m$_$E[90m$$$E[m$S'
    'PSModulePath' => 'C:\\Windows\\system32\\WindowsPowerShell\\v1.0\\Modules\\'
    'PUBLIC' => 'C:\\Users\\Public'
    'SystemDrive' => 'C:'
    'SystemRoot' => 'C:\\Windows'
    'TEMP' => 'd:\\openserver\\userdata\\temp'
    'TERM' => 'msys'
    'TMP' => 'd:\\openserver\\userdata\\temp'
    'USERDOMAIN' => 'vadik_b52-pc'
    'USERNAME' => 'vadik_b52'
    'USERPROFILE' => 'C:\\Users\\vadik_b52'
    'windir' => 'C:\\Windows'
    'windows_tracing_flags' => '3'
    'windows_tracing_logfile' => 'C:\\BVTBin\\Tests\\installpackage\\csilogfile.log'
    'PHP_SELF' => 'yii'
    'SCRIPT_NAME' => 'yii'
    'SCRIPT_FILENAME' => 'yii'
    'PATH_TRANSLATED' => 'yii'
    'DOCUMENT_ROOT' => ''
    'REQUEST_TIME_FLOAT' => 1451043998.7396
    'REQUEST_TIME' => 1451043998
    'argv' => [
        0 => 'yii'
        1 => 'migrate'
    ]
    'argc' => 2
]
